#
# There is insufficient memory for the Java Runtime Environment to continue.
# Native memory allocation (mmap) failed to map 134217728 bytes for Failed to commit area from 0x0000000081a00000 to 0x0000000089a00000 of length 134217728.
# Possible reasons:
#   The system is out of physical RAM or swap space
#   The process is running with CompressedOops enabled, and the Java Heap may be blocking the growth of the native heap
# Possible solutions:
#   Reduce memory load on the system
#   Increase physical memory or swap space
#   Check if swap backing store is full
#   Decrease Java heap size (-Xmx/-Xms)
#   Decrease number of Java threads
#   Decrease Java thread stack sizes (-Xss)
#   Set larger code cache with -XX:ReservedCodeCacheSize=
# This output file may be truncated or incomplete.
#
#  Out of Memory Error (./open/src/hotspot/os/windows/os_windows.cpp:3283), pid=25024, tid=22636
#
# JRE version:  (11.0.17+10) (build )
# Java VM: Java HotSpot(TM) 64-Bit Server VM (11.0.17+10-LTS-269, mixed mode, sharing, tiered, compressed oops, g1 gc, windows-amd64)
# No core dump will be written. Minidumps are not enabled by default on client versions of Windows
#

---------------  S U M M A R Y ------------

Command Line: 

Host: Intel(R) Core(TM) i5-6440HQ CPU @ 2.60GHz, 4 cores, 7G,  Windows 10 , 64 bit Build 19041 (10.0.19041.3393)
Time: Sun Sep 24 15:57:43 2023 Pakistan Standard Time elapsed time: 0.036299 seconds (0d 0h 0m 0s)

---------------  T H R E A D  ---------------

Current thread (0x000001d2d63cc000):  JavaThread "Unknown thread" [_thread_in_vm, id=22636, stack(0x0000006286400000,0x0000006286500000)]

Stack: [0x0000006286400000,0x0000006286500000]
Native frames: (J=compiled Java code, j=interpreted, Vv=VM code, C=native code)
V  [jvm.dll+0x62b5da]
V  [jvm.dll+0x7653df]
V  [jvm.dll+0x766a89]
V  [jvm.dll+0x767113]
V  [jvm.dll+0x23dd28]
V  [jvm.dll+0x62896a]
V  [jvm.dll+0x61d625]
V  [jvm.dll+0x2f2d3c]
V  [jvm.dll+0x2f2bc2]
V  [jvm.dll+0x2f78e6]
V  [jvm.dll+0x33a2df]
V  [jvm.dll+0x339d10]
V  [jvm.dll+0x2d0368]
V  [jvm.dll+0x2d14d6]
V  [jvm.dll+0x73f9a7]
V  [jvm.dll+0x74123f]
V  [jvm.dll+0x347039]
V  [jvm.dll+0x725280]
V  [jvm.dll+0x3b5c1f]
V  [jvm.dll+0x3b7d31]
C  [jli.dll+0x5207]
C  [ucrtbase.dll+0x21bb2]
C  [KERNEL32.DLL+0x17344]
C  [ntdll.dll+0x526b1]


---------------  P R O C E S S  ---------------

Threads class SMR info:
_java_thread_list=0x000001d2d419e350, length=0, elements={
}

Java Threads: ( => current thread )

Other Threads:
  0x000001d2d63e0000 GCTaskThread "GC Thread#0" [stack: 0x0000006286500000,0x0000006286600000] [id=24064]
  0x000001d2d640f000 ConcurrentGCThread "G1 Main Marker" [stack: 0x0000006286600000,0x0000006286700000] [id=23332]
  0x000001d2d6410800 ConcurrentGCThread "G1 Conc#0" [stack: 0x0000006286700000,0x0000006286800000] [id=25480]

[error occurred during error reporting (printing all threads), id 0xc0000005, EXCEPTION_ACCESS_VIOLATION (0xc0000005) at pc=0x00007ff8d853f5f7]

VM state:not at safepoint (not fully initialized)

VM Mutex/Monitor currently owned by a thread:  ([mutex/lock_event])
[0x000001d2d63ca710] Heap_lock - owner thread: 0x000001d2d63cc000

Heap address: 0x0000000081a00000, size: 2022 MB, Compressed Oops mode: Non-zero based: 0x0000000081a00000
Narrow klass base: 0x0000000000000000, Narrow klass shift: 0

GC Heap History (0 events):
No events

Deoptimization events (0 events):
No events

Classes redefined (0 events):
No events

Internal exceptions (0 events):
No events

Events (0 events):
No events


Dynamic libraries:
0x00007ff674e50000 - 0x00007ff674e5f000 	C:\Program Files\Java\jdk-11.0.17\bin\java.exe
0x00007ff95cc90000 - 0x00007ff95ce88000 	C:\WINDOWS\SYSTEM32\ntdll.dll
0x00007ff95be40000 - 0x00007ff95befd000 	C:\WINDOWS\System32\KERNEL32.DLL
0x00007ff95a8c0000 - 0x00007ff95abb6000 	C:\WINDOWS\System32\KERNELBASE.dll
0x00007ff95a770000 - 0x00007ff95a870000 	C:\WINDOWS\System32\ucrtbase.dll
0x00007ff9319e0000 - 0x00007ff9319f8000 	C:\Program Files\Java\jdk-11.0.17\bin\jli.dll
0x00007ff95ad30000 - 0x00007ff95adde000 	C:\WINDOWS\System32\ADVAPI32.dll
0x00007ff95bf60000 - 0x00007ff95bffe000 	C:\WINDOWS\System32\msvcrt.dll
0x00007ff95c600000 - 0x00007ff95c69c000 	C:\WINDOWS\System32\sechost.dll
0x00007ff95b910000 - 0x00007ff95ba36000 	C:\WINDOWS\System32\RPCRT4.dll
0x00007ff950d60000 - 0x00007ff950d75000 	C:\Program Files\Java\jdk-11.0.17\bin\VCRUNTIME140.dll
0x00007ff95ca50000 - 0x00007ff95cbee000 	C:\WINDOWS\System32\USER32.dll
0x00007ff95a510000 - 0x00007ff95a532000 	C:\WINDOWS\System32\win32u.dll
0x00007ff95cbf0000 - 0x00007ff95cc1c000 	C:\WINDOWS\System32\GDI32.dll
0x00007ff95a340000 - 0x00007ff95a45a000 	C:\WINDOWS\System32\gdi32full.dll
0x00007ff95a540000 - 0x00007ff95a5dd000 	C:\WINDOWS\System32\msvcp_win.dll
0x00007ff945320000 - 0x00007ff9455ba000 	C:\WINDOWS\WinSxS\amd64_microsoft.windows.common-controls_6595b64144ccf1df_6.0.19041.1110_none_60b5254171f9507e\COMCTL32.dll
0x00007ff951970000 - 0x00007ff95197a000 	C:\WINDOWS\SYSTEM32\VERSION.dll
0x00007ff95be10000 - 0x00007ff95be40000 	C:\WINDOWS\System32\IMM32.DLL
0x00007ff91db70000 - 0x00007ff91dc0b000 	C:\Program Files\Java\jdk-11.0.17\bin\msvcp140.dll
0x00007ff8d8260000 - 0x00007ff8d8d7a000 	C:\Program Files\Java\jdk-11.0.17\bin\server\jvm.dll
0x00007ff95b140000 - 0x00007ff95b148000 	C:\WINDOWS\System32\PSAPI.DLL
0x00007ff940c70000 - 0x00007ff940c79000 	C:\WINDOWS\SYSTEM32\WSOCK32.dll
0x00007ff95b150000 - 0x00007ff95b1bb000 	C:\WINDOWS\System32\WS2_32.dll
0x00007ff946ab0000 - 0x00007ff946ad7000 	C:\WINDOWS\SYSTEM32\WINMM.dll
0x00007ff958b20000 - 0x00007ff958b32000 	C:\WINDOWS\SYSTEM32\kernel.appcore.dll
0x00007ff945c20000 - 0x00007ff945c30000 	C:\Program Files\Java\jdk-11.0.17\bin\verify.dll
0x00007ff9587e0000 - 0x00007ff9589c4000 	C:\WINDOWS\SYSTEM32\DBGHELP.DLL
0x00007ff93e490000 - 0x00007ff93e4c4000 	C:\WINDOWS\SYSTEM32\dbgcore.DLL
0x00007ff95ac30000 - 0x00007ff95acb2000 	C:\WINDOWS\System32\bcryptPrimitives.dll
0x00007ff921a40000 - 0x00007ff921a68000 	C:\Program Files\Java\jdk-11.0.17\bin\java.dll
0x00007ff944700000 - 0x00007ff94470a000 	C:\Program Files\Java\jdk-11.0.17\bin\jimage.dll
0x00007ff931930000 - 0x00007ff931946000 	C:\Program Files\Java\jdk-11.0.17\bin\zip.dll

dbghelp: loaded successfully - version: 4.0.5 - missing functions: none
symbol engine: initialized successfully - sym options: 0x614 - pdb path: .;C:\Program Files\Java\jdk-11.0.17\bin;C:\WINDOWS\SYSTEM32;C:\WINDOWS\WinSxS\amd64_microsoft.windows.common-controls_6595b64144ccf1df_6.0.19041.1110_none_60b5254171f9507e;C:\Program Files\Java\jdk-11.0.17\bin\server

VM Arguments:
java_command: <unknown>
java_class_path (initial): <not set>
Launcher Type: SUN_STANDARD

[Global flags]
     intx CICompilerCount                          = 3                                         {product} {ergonomic}
     uint ConcGCThreads                            = 1                                         {product} {ergonomic}
     uint G1ConcRefinementThreads                  = 4                                         {product} {ergonomic}
   size_t G1HeapRegionSize                         = 1048576                                   {product} {ergonomic}
    uintx GCDrainStackTargetSize                   = 64                                        {product} {ergonomic}
   size_t InitialHeapSize                          = 134217728                                 {product} {ergonomic}
   size_t MarkStackSize                            = 4194304                                   {product} {ergonomic}
   size_t MaxHeapSize                              = 2120220672                                {product} {ergonomic}
   size_t MinHeapDeltaBytes                        = 1048576                                   {product} {ergonomic}
    uintx NonNMethodCodeHeapSize                   = 5830732                                {pd product} {ergonomic}
    uintx NonProfiledCodeHeapSize                  = 122913754                              {pd product} {ergonomic}
    uintx ProfiledCodeHeapSize                     = 122913754                              {pd product} {ergonomic}
    uintx ReservedCodeCacheSize                    = 251658240                              {pd product} {ergonomic}
     bool SegmentedCodeCache                       = true                                      {product} {ergonomic}
     bool UseCompressedClassPointers               = true                                 {lp64_product} {ergonomic}
     bool UseCompressedOops                        = true                                 {lp64_product} {ergonomic}
     bool UseG1GC                                  = true                                      {product} {ergonomic}
     bool UseLargePagesIndividualAllocation        = false                                  {pd product} {ergonomic}

Logging:
Log output configuration:
 #0: stdout all=warning uptime,level,tags
 #1: stderr all=off uptime,level,tags

Environment Variables:
PATH=D:\VSCodeProjects\AwesomeProject\node_modules\.bin;D:\VSCodeProjects\AwesomeProject\node_modules\.bin;D:\VSCodeProjects\node_modules\.bin;D:\node_modules\.bin;C:\Users\DELL\AppData\Roaming\nvm\v18.18.0\node_modules\npm\node_modules\@npmcli\run-script\lib\node-gyp-bin;D:\VSCodeProjects\AwesomeProject\node_modules\.bin;D:\VSCodeProjects\AwesomeProject\node_modules\.bin;D:\VSCodeProjects\node_modules\.bin;D:\node_modules\.bin;C:\Users\DELL\AppData\Roaming\nvm\v18.18.0\node_modules\npm\node_modules\@npmcli\run-script\lib\node-gyp-bin;C:\Program Files\Common Files\Oracle\Java\javapath;C:\Program Files (x86)\Common Files\Oracle\Java\javapath;C:\Windows\system32;C:\Windows;C:\Windows\System32\Wbem;C:\Windows\System32\WindowsPowerShell\v1.0\;C:\Windows\System32\OpenSSH\;C:\Program Files\dotnet\;C:\Program Files\Microsoft SQL Server\Client SDK\ODBC\170\Tools\Binn\;C:\Program Files\Microsoft SQL Server\150\Tools\Binn\;C:\WINDOWS\system32;C:\WINDOWS;C:\WINDOWS\System32\Wbem;C:\WINDOWS\System32\WindowsPowerShell\v1.0\;C:\WINDOWS\System32\OpenSSH\;C:\Program Files\Git\cmd;C:\Program Files\Docker\Docker\resources\bin;C:\ProgramData\DockerDesktop\version-bin;C:\Users\DELL\AppData\Roaming\nvm;C:\Program Files\nodejs;C:\Program Files (x86)\Microsoft SQL Server\150\Tools\Binn\;C:\Program Files\Microsoft SQL Server\150\DTS\Binn\;C:\Users\DELL\AppData\Local\Android\sdk\platform-tools;C:\Program Files (x86)\Kaspersky Lab\Kaspersky Endpoint Security for Windows\;C:\Program Files\Microsoft SQL Server\130\Tools\Binn\;C:\Program Files (x86)\Microsoft SQL Server\160\Tools\Binn\;C:\Program Files\Microsoft SQL Server\160\Tools\Binn\;C:\Program Files\Microsoft SQL Server\160\DTS\Binn\;C:\Python27;C:\Python27\Scripts;C:\Users\DELL\AppData\Local\Programs\Microsoft VS Code\bin;C:\Users\DELL\AppData\Roaming\nvm;C:\Program Files\nodejs;C:\Program Files\Azure Data Studio\bin;C:\Users\DELL\.dotnet\tools;C:\Users\DELL\AppData\Local\Android\Sdk\platform-tools;
USERNAME=DELL
OS=Windows_NT
PROCESSOR_IDENTIFIER=Intel64 Family 6 Model 94 Stepping 3, GenuineIntel



---------------  S Y S T E M  ---------------

OS: Windows 10 , 64 bit Build 19041 (10.0.19041.3393)
Hyper-V role detected

CPU:total 4 (initial active 4) (4 cores per cpu, 1 threads per core) family 6 model 94 stepping 3 microcode 0xcc, cmov, cx8, fxsr, mmx, sse, sse2, sse3, ssse3, sse4.1, sse4.2, popcnt, avx, avx2, aes, clmul, erms, rtm, 3dnowpref, lzcnt, tsc, tscinvbit, bmi1, bmi2, adx, fma

Memory: 4k page, system-wide physical 8084M (261M free)
TotalPageFile size 23436M (AvailPageFile size 65M)
current process WorkingSet (physical memory assigned to process): 10M, peak: 10M
current process commit charge ("private bytes"): 51M, peak: 179M

vm_info: Java HotSpot(TM) 64-Bit Server VM (11.0.17+10-LTS-269) for windows-amd64 JRE (11.0.17+10-LTS-269), built on Sep 13 2022 19:26:37 by "mach5one" with MS VC++ 15.9 (VS2017)

END.
