#
# There is insufficient memory for the Java Runtime Environment to continue.
# Native memory allocation (malloc) failed to allocate 1254416 bytes for Chunk::new
# Possible reasons:
#   The system is out of physical RAM or swap space
#   The process is running with CompressedOops enabled, and the Java Heap may be blocking the growth of the native heap
# Possible solutions:
#   Reduce memory load on the system
#   Increase physical memory or swap space
#   Check if swap backing store is full
#   Decrease Java heap size (-Xmx/-Xms)
#   Decrease number of Java threads
#   Decrease Java thread stack sizes (-Xss)
#   Set larger code cache with -XX:ReservedCodeCacheSize=
#   JVM is running with Unscaled Compressed Oops mode in which the Java heap is
#     placed in the first 4GB address space. The Java Heap base address is the
#     maximum limit for the native heap growth. Please use -XX:HeapBaseMinAddress
#     to set the Java Heap base and to place the Java Heap above 4GB virtual address.
# This output file may be truncated or incomplete.
#
#  Out of Memory Error (./open/src/hotspot/share/memory/arena.cpp:197), pid=23056, tid=20776
#
# JRE version: Java(TM) SE Runtime Environment 18.9 (11.0.17+10) (build 11.0.17+10-LTS-269)
# Java VM: Java HotSpot(TM) 64-Bit Server VM 18.9 (11.0.17+10-LTS-269, mixed mode, tiered, compressed oops, g1 gc, windows-amd64)
# No core dump will be written. Minidumps are not enabled by default on client versions of Windows
#

---------------  S U M M A R Y ------------

Command Line: -XX:MaxMetaspaceSize=512m --add-opens=java.base/java.util=ALL-UNNAMED --add-opens=java.base/java.lang=ALL-UNNAMED --add-opens=java.base/java.lang.invoke=ALL-UNNAMED --add-opens=java.prefs/java.util.prefs=ALL-UNNAMED --add-opens=java.base/java.nio.charset=ALL-UNNAMED --add-opens=java.base/java.net=ALL-UNNAMED --add-opens=java.base/java.util.concurrent.atomic=ALL-UNNAMED -Xmx2048m -Dfile.encoding=windows-1252 -Duser.country=US -Duser.language=en -Duser.variant org.gradle.launcher.daemon.bootstrap.GradleDaemon 8.0.1

Host: Intel(R) Core(TM) i5-6440HQ CPU @ 2.60GHz, 4 cores, 7G,  Windows 10 , 64 bit Build 19041 (10.0.19041.3393)
Time: Sun Sep 24 15:58:31 2023 Pakistan Standard Time elapsed time: 17.609824 seconds (0d 0h 0m 17s)

---------------  T H R E A D  ---------------

Current thread (0x000001f8f5744000):  JavaThread "C2 CompilerThread0" daemon [_thread_in_native, id=20776, stack(0x000000a0d4f00000,0x000000a0d5000000)]


Current CompileTask:
C2:  17609 2125   !   4       java.lang.ClassLoader::loadClass (122 bytes)

Stack: [0x000000a0d4f00000,0x000000a0d5000000]
Native frames: (J=compiled Java code, j=interpreted, Vv=VM code, C=native code)
V  [jvm.dll+0x62b5da]
V  [jvm.dll+0x7653df]
V  [jvm.dll+0x766a89]
V  [jvm.dll+0x767113]
V  [jvm.dll+0x23dd28]
V  [jvm.dll+0xb2a1c]
V  [jvm.dll+0xb2fdc]
V  [jvm.dll+0x341552]
V  [jvm.dll+0x18cc59]
V  [jvm.dll+0x1f8815]
V  [jvm.dll+0x1f78fd]
V  [jvm.dll+0x177c91]
V  [jvm.dll+0x207296]
V  [jvm.dll+0x20542b]
V  [jvm.dll+0x72b2c0]
V  [jvm.dll+0x723e64]
V  [jvm.dll+0x62a485]
C  [ucrtbase.dll+0x21bb2]
C  [KERNEL32.DLL+0x17344]
C  [ntdll.dll+0x526b1]


---------------  P R O C E S S  ---------------

Threads class SMR info:
_java_thread_list=0x000001f8f812f6c0, length=24, elements={
0x000001f8d7f4d800, 0x000001f8f56db800, 0x000001f8f56dd000, 0x000001f8f573b800,
0x000001f8f573f000, 0x000001f8f5741000, 0x000001f8f5744000, 0x000001f8f6051000,
0x000001f8f6054800, 0x000001f8f61c4000, 0x000001f8f8015000, 0x000001f8f7e80800,
0x000001f8f793e800, 0x000001f8f6ddd000, 0x000001f8f6dde000, 0x000001f8f61f4800,
0x000001f8f7ade800, 0x000001f8f7967000, 0x000001f8f796a000, 0x000001f8f61e2000,
0x000001f8f61e2800, 0x000001f8f61e3800, 0x000001f8f61dd800, 0x000001f8f61df800
}

Java Threads: ( => current thread )
  0x000001f8d7f4d800 JavaThread "main" [_thread_blocked, id=3476, stack(0x000000a0d4300000,0x000000a0d4400000)]
  0x000001f8f56db800 JavaThread "Reference Handler" daemon [_thread_blocked, id=10536, stack(0x000000a0d4a00000,0x000000a0d4b00000)]
  0x000001f8f56dd000 JavaThread "Finalizer" daemon [_thread_blocked, id=10876, stack(0x000000a0d4b00000,0x000000a0d4c00000)]
  0x000001f8f573b800 JavaThread "Signal Dispatcher" daemon [_thread_blocked, id=10528, stack(0x000000a0d4c00000,0x000000a0d4d00000)]
  0x000001f8f573f000 JavaThread "Attach Listener" daemon [_thread_blocked, id=21560, stack(0x000000a0d4d00000,0x000000a0d4e00000)]
  0x000001f8f5741000 JavaThread "Service Thread" daemon [_thread_blocked, id=1324, stack(0x000000a0d4e00000,0x000000a0d4f00000)]
=>0x000001f8f5744000 JavaThread "C2 CompilerThread0" daemon [_thread_in_native, id=20776, stack(0x000000a0d4f00000,0x000000a0d5000000)]
  0x000001f8f6051000 JavaThread "C1 CompilerThread0" daemon [_thread_blocked, id=16960, stack(0x000000a0d5000000,0x000000a0d5100000)]
  0x000001f8f6054800 JavaThread "Sweeper thread" daemon [_thread_blocked, id=21328, stack(0x000000a0d5100000,0x000000a0d5200000)]
  0x000001f8f61c4000 JavaThread "Common-Cleaner" daemon [_thread_blocked, id=21632, stack(0x000000a0d5200000,0x000000a0d5300000)]
  0x000001f8f8015000 JavaThread "Daemon health stats" [_thread_blocked, id=17004, stack(0x000000a0d5600000,0x000000a0d5700000)]
  0x000001f8f7e80800 JavaThread "Incoming local TCP Connector on port 55955" [_thread_in_native, id=6828, stack(0x000000a0d5700000,0x000000a0d5800000)]
  0x000001f8f793e800 JavaThread "Daemon periodic checks" [_thread_blocked, id=13600, stack(0x000000a0d5800000,0x000000a0d5900000)]
  0x000001f8f6ddd000 JavaThread "Daemon" [_thread_blocked, id=8992, stack(0x000000a0d5900000,0x000000a0d5a00000)]
  0x000001f8f6dde000 JavaThread "Handler for socket connection from /127.0.0.1:55955 to /127.0.0.1:55956" [_thread_in_native, id=4312, stack(0x000000a0d5a00000,0x000000a0d5b00000)]
  0x000001f8f61f4800 JavaThread "Cancel handler" [_thread_blocked, id=22208, stack(0x000000a0d5b00000,0x000000a0d5c00000)]
  0x000001f8f7ade800 JavaThread "Daemon worker" [_thread_in_native, id=6464, stack(0x000000a0d5c00000,0x000000a0d5d00000)]
  0x000001f8f7967000 JavaThread "Asynchronous log dispatcher for DefaultDaemonConnection: socket connection from /127.0.0.1:55955 to /127.0.0.1:55956" [_thread_blocked, id=17144, stack(0x000000a0d5d00000,0x000000a0d5e00000)]
  0x000001f8f796a000 JavaThread "Stdin handler" [_thread_blocked, id=25480, stack(0x000000a0d5e00000,0x000000a0d5f00000)]
  0x000001f8f61e2000 JavaThread "Daemon client event forwarder" [_thread_blocked, id=5468, stack(0x000000a0d5f00000,0x000000a0d6000000)]
  0x000001f8f61e2800 JavaThread "Cache worker for journal cache (C:\Users\DELL\.gradle\caches\journal-1)" [_thread_blocked, id=25108, stack(0x000000a0d6100000,0x000000a0d6200000)]
  0x000001f8f61e3800 JavaThread "File lock request listener" [_thread_in_native, id=12944, stack(0x000000a0d6200000,0x000000a0d6300000)]
  0x000001f8f61dd800 JavaThread "File lock release action executor" [_thread_blocked, id=12488, stack(0x000000a0d6300000,0x000000a0d6400000)]
  0x000001f8f61df800 JavaThread "Cache worker for file hash cache (C:\Users\DELL\.gradle\caches\8.0.1\fileHashes)" [_thread_blocked, id=19248, stack(0x000000a0d6400000,0x000000a0d6500000)]

Other Threads:
  0x000001f8f56d8800 VMThread "VM Thread" [stack: 0x000000a0d4900000,0x000000a0d4a00000] [id=23912]
  0x000001f8f61c1000 WatcherThread [stack: 0x000000a0d5300000,0x000000a0d5400000] [id=24344]
  0x000001f8d7f64800 GCTaskThread "GC Thread#0" [stack: 0x000000a0d4400000,0x000000a0d4500000] [id=14576]
  0x000001f8f6a16000 GCTaskThread "GC Thread#1" [stack: 0x000000a0d5400000,0x000000a0d5500000] [id=21336]
  0x000001f8f6435800 GCTaskThread "GC Thread#2" [stack: 0x000000a0d5500000,0x000000a0d5600000] [id=11060]
  0x000001f8f61f3800 GCTaskThread "GC Thread#3" [stack: 0x000000a0d6000000,0x000000a0d6100000] [id=17068]
  0x000001f8d7f94000 ConcurrentGCThread "G1 Main Marker" [stack: 0x000000a0d4500000,0x000000a0d4600000] [id=17288]
  0x000001f8d7f95000 ConcurrentGCThread "G1 Conc#0" [stack: 0x000000a0d4600000,0x000000a0d4700000] [id=1588]
  0x000001f8d8024800 ConcurrentGCThread "G1 Refine#0" [stack: 0x000000a0d4700000,0x000000a0d4800000] [id=11820]
  0x000001f8d8025800 ConcurrentGCThread "G1 Young RemSet Sampling" [stack: 0x000000a0d4800000,0x000000a0d4900000] [id=11252]

Threads with active compile tasks:
C2 CompilerThread0    17657 2125   !   4       java.lang.ClassLoader::loadClass (122 bytes)

VM state:not at safepoint (normal execution)

VM Mutex/Monitor currently owned by a thread: None

Heap address: 0x0000000080000000, size: 2048 MB, Compressed Oops mode: 32-bit
Narrow klass base: 0x0000000000000000, Narrow klass shift: 3
Compressed class space size: 528482304 Address: 0x0000000100000000

Heap:
 garbage-first heap   total 131072K, used 32806K [0x0000000080000000, 0x0000000100000000)
  region size 1024K, 17 young (17408K), 1 survivors (1024K)
 Metaspace       used 22531K, capacity 23133K, committed 23472K, reserved 536576K
  class space    used 2814K, capacity 3009K, committed 3072K, reserved 516096K
Heap Regions: E=young(eden), S=young(survivor), O=old, HS=humongous(starts), HC=humongous(continues), CS=collection set, F=free, A=archive, TAMS=top-at-mark-start (previous, next)
|   0|0x0000000080000000, 0x0000000080100000, 0x0000000080100000|100%| O|  |TAMS 0x0000000080100000, 0x0000000080000000| Untracked 
|   1|0x0000000080100000, 0x0000000080200000, 0x0000000080200000|100%| O|  |TAMS 0x0000000080200000, 0x0000000080100000| Untracked 
|   2|0x0000000080200000, 0x0000000080300000, 0x0000000080300000|100%| O|  |TAMS 0x0000000080300000, 0x0000000080200000| Untracked 
|   3|0x0000000080300000, 0x0000000080400000, 0x0000000080400000|100%|HS|  |TAMS 0x0000000080400000, 0x0000000080300000| Complete 
|   4|0x0000000080400000, 0x0000000080500000, 0x0000000080500000|100%|HC|  |TAMS 0x0000000080500000, 0x0000000080400000| Complete 
|   5|0x0000000080500000, 0x0000000080600000, 0x0000000080600000|100%|HC|  |TAMS 0x0000000080600000, 0x0000000080500000| Complete 
|   6|0x0000000080600000, 0x0000000080700000, 0x0000000080700000|100%|HC|  |TAMS 0x0000000080700000, 0x0000000080600000| Complete 
|   7|0x0000000080700000, 0x0000000080800000, 0x0000000080800000|100%| O|  |TAMS 0x0000000080800000, 0x0000000080700000| Untracked 
|   8|0x0000000080800000, 0x0000000080900000, 0x0000000080900000|100%| O|  |TAMS 0x0000000080900000, 0x0000000080800000| Untracked 
|   9|0x0000000080900000, 0x0000000080a00000, 0x0000000080a00000|100%| O|  |TAMS 0x0000000080a00000, 0x0000000080900000| Untracked 
|  10|0x0000000080a00000, 0x0000000080b00000, 0x0000000080b00000|100%| O|  |TAMS 0x0000000080b00000, 0x0000000080a00000| Untracked 
|  11|0x0000000080b00000, 0x0000000080c00000, 0x0000000080c00000|100%| O|  |TAMS 0x0000000080c00000, 0x0000000080b00000| Untracked 
|  12|0x0000000080c00000, 0x0000000080d00000, 0x0000000080d00000|100%| O|  |TAMS 0x0000000080d00000, 0x0000000080c00000| Untracked 
|  13|0x0000000080d00000, 0x0000000080e00000, 0x0000000080e00000|100%| O|  |TAMS 0x0000000080e00000, 0x0000000080d00000| Untracked 
|  14|0x0000000080e00000, 0x0000000080f00000, 0x0000000080f00000|100%| O|  |TAMS 0x0000000080f00000, 0x0000000080e00000| Untracked 
|  15|0x0000000080f00000, 0x0000000081000000, 0x0000000081000000|100%| O|  |TAMS 0x0000000081000000, 0x0000000080f00000| Untracked 
|  16|0x0000000081000000, 0x0000000081100000, 0x0000000081100000|100%| O|  |TAMS 0x0000000081100000, 0x0000000081000000| Untracked 
|  17|0x0000000081100000, 0x000000008111da00, 0x0000000081200000| 11%| O|  |TAMS 0x000000008111da00, 0x0000000081100000| Untracked 
|  18|0x0000000081200000, 0x0000000081200000, 0x0000000081300000|  0%| F|  |TAMS 0x0000000081200000, 0x0000000081200000| Untracked 
|  19|0x0000000081300000, 0x0000000081300000, 0x0000000081400000|  0%| F|  |TAMS 0x0000000081300000, 0x0000000081300000| Untracked 
|  20|0x0000000081400000, 0x0000000081400000, 0x0000000081500000|  0%| F|  |TAMS 0x0000000081400000, 0x0000000081400000| Untracked 
|  21|0x0000000081500000, 0x0000000081500000, 0x0000000081600000|  0%| F|  |TAMS 0x0000000081500000, 0x0000000081500000| Untracked 
|  22|0x0000000081600000, 0x0000000081600000, 0x0000000081700000|  0%| F|  |TAMS 0x0000000081600000, 0x0000000081600000| Untracked 
|  23|0x0000000081700000, 0x0000000081700000, 0x0000000081800000|  0%| F|  |TAMS 0x0000000081700000, 0x0000000081700000| Untracked 
|  24|0x0000000081800000, 0x0000000081800000, 0x0000000081900000|  0%| F|  |TAMS 0x0000000081800000, 0x0000000081800000| Untracked 
|  25|0x0000000081900000, 0x0000000081900000, 0x0000000081a00000|  0%| F|  |TAMS 0x0000000081900000, 0x0000000081900000| Untracked 
|  26|0x0000000081a00000, 0x0000000081a00000, 0x0000000081b00000|  0%| F|  |TAMS 0x0000000081a00000, 0x0000000081a00000| Untracked 
|  27|0x0000000081b00000, 0x0000000081b00000, 0x0000000081c00000|  0%| F|  |TAMS 0x0000000081b00000, 0x0000000081b00000| Untracked 
|  28|0x0000000081c00000, 0x0000000081c00000, 0x0000000081d00000|  0%| F|  |TAMS 0x0000000081c00000, 0x0000000081c00000| Untracked 
|  29|0x0000000081d00000, 0x0000000081d00000, 0x0000000081e00000|  0%| F|  |TAMS 0x0000000081d00000, 0x0000000081d00000| Untracked 
|  30|0x0000000081e00000, 0x0000000081e00000, 0x0000000081f00000|  0%| F|  |TAMS 0x0000000081e00000, 0x0000000081e00000| Untracked 
|  31|0x0000000081f00000, 0x0000000081f00000, 0x0000000082000000|  0%| F|  |TAMS 0x0000000081f00000, 0x0000000081f00000| Untracked 
|  32|0x0000000082000000, 0x0000000082000000, 0x0000000082100000|  0%| F|  |TAMS 0x0000000082000000, 0x0000000082000000| Untracked 
|  33|0x0000000082100000, 0x0000000082100000, 0x0000000082200000|  0%| F|  |TAMS 0x0000000082100000, 0x0000000082100000| Untracked 
|  34|0x0000000082200000, 0x0000000082200000, 0x0000000082300000|  0%| F|  |TAMS 0x0000000082200000, 0x0000000082200000| Untracked 
|  35|0x0000000082300000, 0x0000000082300000, 0x0000000082400000|  0%| F|  |TAMS 0x0000000082300000, 0x0000000082300000| Untracked 
|  36|0x0000000082400000, 0x0000000082400000, 0x0000000082500000|  0%| F|  |TAMS 0x0000000082400000, 0x0000000082400000| Untracked 
|  37|0x0000000082500000, 0x0000000082500000, 0x0000000082600000|  0%| F|  |TAMS 0x0000000082500000, 0x0000000082500000| Untracked 
|  38|0x0000000082600000, 0x0000000082600000, 0x0000000082700000|  0%| F|  |TAMS 0x0000000082600000, 0x0000000082600000| Untracked 
|  39|0x0000000082700000, 0x0000000082700000, 0x0000000082800000|  0%| F|  |TAMS 0x0000000082700000, 0x0000000082700000| Untracked 
|  40|0x0000000082800000, 0x0000000082800000, 0x0000000082900000|  0%| F|  |TAMS 0x0000000082800000, 0x0000000082800000| Untracked 
|  41|0x0000000082900000, 0x0000000082900000, 0x0000000082a00000|  0%| F|  |TAMS 0x0000000082900000, 0x0000000082900000| Untracked 
|  42|0x0000000082a00000, 0x0000000082a00000, 0x0000000082b00000|  0%| F|  |TAMS 0x0000000082a00000, 0x0000000082a00000| Untracked 
|  43|0x0000000082b00000, 0x0000000082b00000, 0x0000000082c00000|  0%| F|  |TAMS 0x0000000082b00000, 0x0000000082b00000| Untracked 
|  44|0x0000000082c00000, 0x0000000082c00000, 0x0000000082d00000|  0%| F|  |TAMS 0x0000000082c00000, 0x0000000082c00000| Untracked 
|  45|0x0000000082d00000, 0x0000000082d00000, 0x0000000082e00000|  0%| F|  |TAMS 0x0000000082d00000, 0x0000000082d00000| Untracked 
|  46|0x0000000082e00000, 0x0000000082e00000, 0x0000000082f00000|  0%| F|  |TAMS 0x0000000082e00000, 0x0000000082e00000| Untracked 
|  47|0x0000000082f00000, 0x0000000082f00000, 0x0000000083000000|  0%| F|  |TAMS 0x0000000082f00000, 0x0000000082f00000| Untracked 
|  48|0x0000000083000000, 0x0000000083000000, 0x0000000083100000|  0%| F|  |TAMS 0x0000000083000000, 0x0000000083000000| Untracked 
|  49|0x0000000083100000, 0x0000000083100000, 0x0000000083200000|  0%| F|  |TAMS 0x0000000083100000, 0x0000000083100000| Untracked 
|  50|0x0000000083200000, 0x0000000083200000, 0x0000000083300000|  0%| F|  |TAMS 0x0000000083200000, 0x0000000083200000| Untracked 
|  51|0x0000000083300000, 0x0000000083300000, 0x0000000083400000|  0%| F|  |TAMS 0x0000000083300000, 0x0000000083300000| Untracked 
|  52|0x0000000083400000, 0x0000000083400000, 0x0000000083500000|  0%| F|  |TAMS 0x0000000083400000, 0x0000000083400000| Untracked 
|  53|0x0000000083500000, 0x0000000083500000, 0x0000000083600000|  0%| F|  |TAMS 0x0000000083500000, 0x0000000083500000| Untracked 
|  54|0x0000000083600000, 0x0000000083600000, 0x0000000083700000|  0%| F|  |TAMS 0x0000000083600000, 0x0000000083600000| Untracked 
|  55|0x0000000083700000, 0x0000000083700000, 0x0000000083800000|  0%| F|  |TAMS 0x0000000083700000, 0x0000000083700000| Untracked 
|  56|0x0000000083800000, 0x0000000083800000, 0x0000000083900000|  0%| F|  |TAMS 0x0000000083800000, 0x0000000083800000| Untracked 
|  57|0x0000000083900000, 0x0000000083900000, 0x0000000083a00000|  0%| F|  |TAMS 0x0000000083900000, 0x0000000083900000| Untracked 
|  58|0x0000000083a00000, 0x0000000083a00000, 0x0000000083b00000|  0%| F|  |TAMS 0x0000000083a00000, 0x0000000083a00000| Untracked 
|  59|0x0000000083b00000, 0x0000000083b00000, 0x0000000083c00000|  0%| F|  |TAMS 0x0000000083b00000, 0x0000000083b00000| Untracked 
|  60|0x0000000083c00000, 0x0000000083c00000, 0x0000000083d00000|  0%| F|  |TAMS 0x0000000083c00000, 0x0000000083c00000| Untracked 
|  61|0x0000000083d00000, 0x0000000083d00000, 0x0000000083e00000|  0%| F|  |TAMS 0x0000000083d00000, 0x0000000083d00000| Untracked 
|  62|0x0000000083e00000, 0x0000000083e00000, 0x0000000083f00000|  0%| F|  |TAMS 0x0000000083e00000, 0x0000000083e00000| Untracked 
|  63|0x0000000083f00000, 0x0000000083f00000, 0x0000000084000000|  0%| F|  |TAMS 0x0000000083f00000, 0x0000000083f00000| Untracked 
|  64|0x0000000084000000, 0x0000000084000000, 0x0000000084100000|  0%| F|  |TAMS 0x0000000084000000, 0x0000000084000000| Untracked 
|  65|0x0000000084100000, 0x0000000084100000, 0x0000000084200000|  0%| F|  |TAMS 0x0000000084100000, 0x0000000084100000| Untracked 
|  66|0x0000000084200000, 0x0000000084200000, 0x0000000084300000|  0%| F|  |TAMS 0x0000000084200000, 0x0000000084200000| Untracked 
|  67|0x0000000084300000, 0x0000000084300000, 0x0000000084400000|  0%| F|  |TAMS 0x0000000084300000, 0x0000000084300000| Untracked 
|  68|0x0000000084400000, 0x0000000084400000, 0x0000000084500000|  0%| F|  |TAMS 0x0000000084400000, 0x0000000084400000| Untracked 
|  69|0x0000000084500000, 0x0000000084500000, 0x0000000084600000|  0%| F|  |TAMS 0x0000000084500000, 0x0000000084500000| Untracked 
|  70|0x0000000084600000, 0x0000000084600000, 0x0000000084700000|  0%| F|  |TAMS 0x0000000084600000, 0x0000000084600000| Untracked 
|  71|0x0000000084700000, 0x0000000084700000, 0x0000000084800000|  0%| F|  |TAMS 0x0000000084700000, 0x0000000084700000| Untracked 
|  72|0x0000000084800000, 0x0000000084800000, 0x0000000084900000|  0%| F|  |TAMS 0x0000000084800000, 0x0000000084800000| Untracked 
|  73|0x0000000084900000, 0x0000000084900000, 0x0000000084a00000|  0%| F|  |TAMS 0x0000000084900000, 0x0000000084900000| Untracked 
|  74|0x0000000084a00000, 0x0000000084a00000, 0x0000000084b00000|  0%| F|  |TAMS 0x0000000084a00000, 0x0000000084a00000| Untracked 
|  75|0x0000000084b00000, 0x0000000084b00000, 0x0000000084c00000|  0%| F|  |TAMS 0x0000000084b00000, 0x0000000084b00000| Untracked 
|  76|0x0000000084c00000, 0x0000000084c00000, 0x0000000084d00000|  0%| F|  |TAMS 0x0000000084c00000, 0x0000000084c00000| Untracked 
|  77|0x0000000084d00000, 0x0000000084d00000, 0x0000000084e00000|  0%| F|  |TAMS 0x0000000084d00000, 0x0000000084d00000| Untracked 
|  78|0x0000000084e00000, 0x0000000084e00000, 0x0000000084f00000|  0%| F|  |TAMS 0x0000000084e00000, 0x0000000084e00000| Untracked 
|  79|0x0000000084f00000, 0x0000000084f00000, 0x0000000085000000|  0%| F|  |TAMS 0x0000000084f00000, 0x0000000084f00000| Untracked 
|  80|0x0000000085000000, 0x0000000085000000, 0x0000000085100000|  0%| F|  |TAMS 0x0000000085000000, 0x0000000085000000| Untracked 
|  81|0x0000000085100000, 0x0000000085100000, 0x0000000085200000|  0%| F|  |TAMS 0x0000000085100000, 0x0000000085100000| Untracked 
|  82|0x0000000085200000, 0x0000000085200000, 0x0000000085300000|  0%| F|  |TAMS 0x0000000085200000, 0x0000000085200000| Untracked 
|  83|0x0000000085300000, 0x0000000085300000, 0x0000000085400000|  0%| F|  |TAMS 0x0000000085300000, 0x0000000085300000| Untracked 
|  84|0x0000000085400000, 0x0000000085400000, 0x0000000085500000|  0%| F|  |TAMS 0x0000000085400000, 0x0000000085400000| Untracked 
|  85|0x0000000085500000, 0x0000000085500000, 0x0000000085600000|  0%| F|  |TAMS 0x0000000085500000, 0x0000000085500000| Untracked 
|  86|0x0000000085600000, 0x0000000085600000, 0x0000000085700000|  0%| F|  |TAMS 0x0000000085600000, 0x0000000085600000| Untracked 
|  87|0x0000000085700000, 0x0000000085700000, 0x0000000085800000|  0%| F|  |TAMS 0x0000000085700000, 0x0000000085700000| Untracked 
|  88|0x0000000085800000, 0x0000000085800000, 0x0000000085900000|  0%| F|  |TAMS 0x0000000085800000, 0x0000000085800000| Untracked 
|  89|0x0000000085900000, 0x0000000085900000, 0x0000000085a00000|  0%| F|  |TAMS 0x0000000085900000, 0x0000000085900000| Untracked 
|  90|0x0000000085a00000, 0x0000000085a00000, 0x0000000085b00000|  0%| F|  |TAMS 0x0000000085a00000, 0x0000000085a00000| Untracked 
|  91|0x0000000085b00000, 0x0000000085b00000, 0x0000000085c00000|  0%| F|  |TAMS 0x0000000085b00000, 0x0000000085b00000| Untracked 
|  92|0x0000000085c00000, 0x0000000085c00000, 0x0000000085d00000|  0%| F|  |TAMS 0x0000000085c00000, 0x0000000085c00000| Untracked 
|  93|0x0000000085d00000, 0x0000000085d00000, 0x0000000085e00000|  0%| F|  |TAMS 0x0000000085d00000, 0x0000000085d00000| Untracked 
|  94|0x0000000085e00000, 0x0000000085e00000, 0x0000000085f00000|  0%| F|  |TAMS 0x0000000085e00000, 0x0000000085e00000| Untracked 
|  95|0x0000000085f00000, 0x0000000085f00000, 0x0000000086000000|  0%| F|  |TAMS 0x0000000085f00000, 0x0000000085f00000| Untracked 
|  96|0x0000000086000000, 0x0000000086000000, 0x0000000086100000|  0%| F|  |TAMS 0x0000000086000000, 0x0000000086000000| Untracked 
|  97|0x0000000086100000, 0x0000000086100000, 0x0000000086200000|  0%| F|  |TAMS 0x0000000086100000, 0x0000000086100000| Untracked 
|  98|0x0000000086200000, 0x0000000086200000, 0x0000000086300000|  0%| F|  |TAMS 0x0000000086200000, 0x0000000086200000| Untracked 
|  99|0x0000000086300000, 0x0000000086300000, 0x0000000086400000|  0%| F|  |TAMS 0x0000000086300000, 0x0000000086300000| Untracked 
| 100|0x0000000086400000, 0x0000000086400000, 0x0000000086500000|  0%| F|  |TAMS 0x0000000086400000, 0x0000000086400000| Untracked 
| 101|0x0000000086500000, 0x0000000086500000, 0x0000000086600000|  0%| F|  |TAMS 0x0000000086500000, 0x0000000086500000| Untracked 
| 102|0x0000000086600000, 0x0000000086600000, 0x0000000086700000|  0%| F|  |TAMS 0x0000000086600000, 0x0000000086600000| Untracked 
| 103|0x0000000086700000, 0x0000000086700000, 0x0000000086800000|  0%| F|  |TAMS 0x0000000086700000, 0x0000000086700000| Untracked 
| 104|0x0000000086800000, 0x0000000086800000, 0x0000000086900000|  0%| F|  |TAMS 0x0000000086800000, 0x0000000086800000| Untracked 
| 105|0x0000000086900000, 0x0000000086900000, 0x0000000086a00000|  0%| F|  |TAMS 0x0000000086900000, 0x0000000086900000| Untracked 
| 106|0x0000000086a00000, 0x0000000086aec160, 0x0000000086b00000| 92%| S|CS|TAMS 0x0000000086a00000, 0x0000000086a00000| Complete 
| 107|0x0000000086b00000, 0x0000000086b00000, 0x0000000086c00000|  0%| F|  |TAMS 0x0000000086b00000, 0x0000000086b00000| Untracked 
| 108|0x0000000086c00000, 0x0000000086c00000, 0x0000000086d00000|  0%| F|  |TAMS 0x0000000086c00000, 0x0000000086c00000| Untracked 
| 109|0x0000000086d00000, 0x0000000086d00000, 0x0000000086e00000|  0%| F|  |TAMS 0x0000000086d00000, 0x0000000086d00000| Untracked 
| 110|0x0000000086e00000, 0x0000000086e00000, 0x0000000086f00000|  0%| F|  |TAMS 0x0000000086e00000, 0x0000000086e00000| Untracked 
| 111|0x0000000086f00000, 0x0000000086f00000, 0x0000000087000000|  0%| F|  |TAMS 0x0000000086f00000, 0x0000000086f00000| Untracked 
| 112|0x0000000087000000, 0x00000000870b5040, 0x0000000087100000| 70%| E|  |TAMS 0x0000000087000000, 0x0000000087000000| Complete 
| 113|0x0000000087100000, 0x0000000087200000, 0x0000000087200000|100%| E|  |TAMS 0x0000000087100000, 0x0000000087100000| Complete 
| 114|0x0000000087200000, 0x0000000087300000, 0x0000000087300000|100%| E|CS|TAMS 0x0000000087200000, 0x0000000087200000| Complete 
| 115|0x0000000087300000, 0x0000000087400000, 0x0000000087400000|100%| E|CS|TAMS 0x0000000087300000, 0x0000000087300000| Complete 
| 116|0x0000000087400000, 0x0000000087500000, 0x0000000087500000|100%| E|CS|TAMS 0x0000000087400000, 0x0000000087400000| Complete 
| 117|0x0000000087500000, 0x0000000087600000, 0x0000000087600000|100%| E|CS|TAMS 0x0000000087500000, 0x0000000087500000| Complete 
| 118|0x0000000087600000, 0x0000000087700000, 0x0000000087700000|100%| E|CS|TAMS 0x0000000087600000, 0x0000000087600000| Complete 
| 119|0x0000000087700000, 0x0000000087800000, 0x0000000087800000|100%| E|CS|TAMS 0x0000000087700000, 0x0000000087700000| Complete 
| 120|0x0000000087800000, 0x0000000087900000, 0x0000000087900000|100%| E|CS|TAMS 0x0000000087800000, 0x0000000087800000| Complete 
| 121|0x0000000087900000, 0x0000000087a00000, 0x0000000087a00000|100%| E|CS|TAMS 0x0000000087900000, 0x0000000087900000| Complete 
| 122|0x0000000087a00000, 0x0000000087b00000, 0x0000000087b00000|100%| E|CS|TAMS 0x0000000087a00000, 0x0000000087a00000| Complete 
| 123|0x0000000087b00000, 0x0000000087c00000, 0x0000000087c00000|100%| E|CS|TAMS 0x0000000087b00000, 0x0000000087b00000| Complete 
| 124|0x0000000087c00000, 0x0000000087d00000, 0x0000000087d00000|100%| E|CS|TAMS 0x0000000087c00000, 0x0000000087c00000| Complete 
| 125|0x0000000087d00000, 0x0000000087e00000, 0x0000000087e00000|100%| E|CS|TAMS 0x0000000087d00000, 0x0000000087d00000| Complete 
| 126|0x0000000087e00000, 0x0000000087f00000, 0x0000000087f00000|100%| E|CS|TAMS 0x0000000087e00000, 0x0000000087e00000| Complete 
| 127|0x0000000087f00000, 0x0000000088000000, 0x0000000088000000|100%| E|CS|TAMS 0x0000000087f00000, 0x0000000087f00000| Complete 

Card table byte_map: [0x000001f8eea20000,0x000001f8eee20000] _byte_map_base: 0x000001f8ee620000

Marking Bits (Prev, Next): (CMBitMap*) 0x000001f8d7f8b080, (CMBitMap*) 0x000001f8d7f8b048
 Prev Bits: [0x000001f8f1220000, 0x000001f8f3220000)
 Next Bits: [0x000001f8ef220000, 0x000001f8f1220000)

Polling page: 0x000001f8d6100000

Metaspace:

Usage:
  Non-class:     19.65 MB capacity,    19.28 MB ( 98%) used,   336.55 KB (  2%) free+waste,    45.38 KB ( <1%) overhead. 
      Class:      2.94 MB capacity,     2.75 MB ( 94%) used,   167.09 KB (  6%) free+waste,    23.31 KB ( <1%) overhead. 
       Both:     22.59 MB capacity,    22.03 MB ( 98%) used,   503.64 KB (  2%) free+waste,    68.69 KB ( <1%) overhead. 

Virtual space:
  Non-class space:       20.00 MB reserved,      19.92 MB (>99%) committed 
      Class space:      504.00 MB reserved,       3.00 MB ( <1%) committed 
             Both:      524.00 MB reserved,      22.92 MB (  4%) committed 

Chunk freelists:
   Non-Class:  4.50 KB
       Class:  3.88 KB
        Both:  8.38 KB

CodeHeap 'non-profiled nmethods': size=120064Kb used=993Kb max_used=993Kb free=119070Kb
 bounds [0x000001f8e70e0000, 0x000001f8e7350000, 0x000001f8ee620000]
CodeHeap 'profiled nmethods': size=120000Kb used=4586Kb max_used=4586Kb free=115413Kb
 bounds [0x000001f8dfbb0000, 0x000001f8e0030000, 0x000001f8e70e0000]
CodeHeap 'non-nmethods': size=5696Kb used=1158Kb max_used=1169Kb free=4537Kb
 bounds [0x000001f8df620000, 0x000001f8df890000, 0x000001f8dfbb0000]
 total_blobs=2668 nmethods=2167 adapters=412
 compilation: enabled
              stopped_count=0, restarted_count=0
 full_count=0

Compilation events (10 events):
Event: 17.545 Thread 0x000001f8f6051000 2155       3       jdk.internal.reflect.NativeConstructorAccessorImpl::newInstance (89 bytes)
Event: 17.547 Thread 0x000001f8f6051000 nmethod 2155 0x000001f8e001c110 code [0x000001f8e001c3a0, 0x000001f8e001d218]
Event: 17.552 Thread 0x000001f8f6051000 2157       3       java.util.Collections$EmptySet::iterator (4 bytes)
Event: 17.552 Thread 0x000001f8f6051000 nmethod 2157 0x000001f8e001d710 code [0x000001f8e001d8a0, 0x000001f8e001d9f8]
Event: 17.567 Thread 0x000001f8f6051000 2158       3       java.io.WinNTFileSystem::resolve (275 bytes)
Event: 17.570 Thread 0x000001f8f6051000 nmethod 2158 0x000001f8e001da90 code [0x000001f8e001dfc0, 0x000001f8e0020c78]
Event: 17.570 Thread 0x000001f8f6051000 2159       3       java.util.concurrent.locks.AbstractQueuedSynchronizer::acquire (27 bytes)
Event: 17.571 Thread 0x000001f8f6051000 nmethod 2159 0x000001f8e0021e90 code [0x000001f8e0022060, 0x000001f8e0022438]
Event: 17.594 Thread 0x000001f8f6051000 2160       3       java.lang.invoke.DirectMethodHandle::preparedLambdaForm (6 bytes)
Event: 17.594 Thread 0x000001f8f6051000 nmethod 2160 0x000001f8e0022590 code [0x000001f8e0022720, 0x000001f8e0022828]

GC Heap History (10 events):
Event: 0.777 GC heap before
{Heap before GC invocations=0 (full 0):
 garbage-first heap   total 131072K, used 13312K [0x0000000080000000, 0x0000000100000000)
  region size 1024K, 14 young (14336K), 0 survivors (0K)
 Metaspace       used 6666K, capacity 6856K, committed 7168K, reserved 524288K
  class space    used 576K, capacity 650K, committed 768K, reserved 516096K
}
Event: 0.829 GC heap after
{Heap after GC invocations=1 (full 0):
 garbage-first heap   total 131072K, used 4284K [0x0000000080000000, 0x0000000100000000)
  region size 1024K, 2 young (2048K), 2 survivors (2048K)
 Metaspace       used 6666K, capacity 6856K, committed 7168K, reserved 524288K
  class space    used 576K, capacity 650K, committed 768K, reserved 516096K
}
Event: 1.313 GC heap before
{Heap before GC invocations=1 (full 0):
 garbage-first heap   total 131072K, used 19644K [0x0000000080000000, 0x0000000100000000)
  region size 1024K, 13 young (13312K), 2 survivors (2048K)
 Metaspace       used 9755K, capacity 9985K, committed 10112K, reserved 526336K
  class space    used 1017K, capacity 1102K, committed 1152K, reserved 516096K
}
Event: 1.317 GC heap after
{Heap after GC invocations=2 (full 0):
 garbage-first heap   total 131072K, used 10618K [0x0000000080000000, 0x0000000100000000)
  region size 1024K, 2 young (2048K), 2 survivors (2048K)
 Metaspace       used 9755K, capacity 9985K, committed 10112K, reserved 526336K
  class space    used 1017K, capacity 1102K, committed 1152K, reserved 516096K
}
Event: 2.363 GC heap before
{Heap before GC invocations=2 (full 0):
 garbage-first heap   total 131072K, used 39290K [0x0000000080000000, 0x0000000100000000)
  region size 1024K, 30 young (30720K), 2 survivors (2048K)
 Metaspace       used 10762K, capacity 11001K, committed 11264K, reserved 526336K
  class space    used 1118K, capacity 1206K, committed 1280K, reserved 516096K
}
Event: 2.368 GC heap after
{Heap after GC invocations=3 (full 0):
 garbage-first heap   total 131072K, used 12961K [0x0000000080000000, 0x0000000100000000)
  region size 1024K, 4 young (4096K), 4 survivors (4096K)
 Metaspace       used 10762K, capacity 11001K, committed 11264K, reserved 526336K
  class space    used 1118K, capacity 1206K, committed 1280K, reserved 516096K
}
Event: 16.111 GC heap before
{Heap before GC invocations=3 (full 0):
 garbage-first heap   total 131072K, used 54945K [0x0000000080000000, 0x0000000100000000)
  region size 1024K, 45 young (46080K), 4 survivors (4096K)
 Metaspace       used 18121K, capacity 18480K, committed 18688K, reserved 532480K
  class space    used 2130K, capacity 2276K, committed 2304K, reserved 516096K
}
Event: 16.149 GC heap after
{Heap after GC invocations=4 (full 0):
 garbage-first heap   total 131072K, used 17569K [0x0000000080000000, 0x0000000100000000)
  region size 1024K, 6 young (6144K), 6 survivors (6144K)
 Metaspace       used 18121K, capacity 18480K, committed 18688K, reserved 532480K
  class space    used 2130K, capacity 2276K, committed 2304K, reserved 516096K
}
Event: 17.260 GC heap before
{Heap before GC invocations=4 (full 0):
 garbage-first heap   total 131072K, used 38049K [0x0000000080000000, 0x0000000100000000)
  region size 1024K, 27 young (27648K), 6 survivors (6144K)
 Metaspace       used 20743K, capacity 21217K, committed 21296K, reserved 536576K
  class space    used 2515K, capacity 2686K, committed 2688K, reserved 516096K
}
Event: 17.266 GC heap after
{Heap after GC invocations=5 (full 0):
 garbage-first heap   total 131072K, used 18470K [0x0000000080000000, 0x0000000100000000)
  region size 1024K, 1 young (1024K), 1 survivors (1024K)
 Metaspace       used 20743K, capacity 21217K, committed 21296K, reserved 536576K
  class space    used 2515K, capacity 2686K, committed 2688K, reserved 516096K
}

Deoptimization events (10 events):
Event: 16.538 Thread 0x000001f8f7ade800 Uncommon trap: reason=class_check action=maybe_recompile pc=0x000001f8e70f7744 method=java.util.regex.Matcher.match(II)Z @ 121 c2
Event: 17.122 Thread 0x000001f8f7ade800 Uncommon trap: reason=unstable_if action=reinterpret pc=0x000001f8e71538c4 method=java.util.regex.Matcher.reset()Ljava/util/regex/Matcher; @ 71 c2
Event: 17.122 Thread 0x000001f8f7ade800 Uncommon trap: reason=unstable_if action=reinterpret pc=0x000001f8e70f77b0 method=java.util.regex.Matcher.match(II)Z @ 76 c2
Event: 17.127 Thread 0x000001f8f7ade800 Uncommon trap: reason=unstable_if action=reinterpret pc=0x000001f8e714d258 method=java.util.regex.Matcher.reset()Ljava/util/regex/Matcher; @ 71 c2
Event: 17.310 Thread 0x000001f8f7ade800 Uncommon trap: reason=unstable_if action=reinterpret pc=0x000001f8e70faaa0 method=java.io.WinNTFileSystem.resolve(Ljava/lang/String;Ljava/lang/String;)Ljava/lang/String; @ 19 c2
Event: 17.311 Thread 0x000001f8f7ade800 Uncommon trap: reason=bimorphic_or_optimized_type_check action=maybe_recompile pc=0x000001f8e715bc24 method=java.util.AbstractList$Itr.hasNext()Z @ 8 c2
Event: 17.311 Thread 0x000001f8f7ade800 Uncommon trap: reason=bimorphic_or_optimized_type_check action=maybe_recompile pc=0x000001f8e715b734 method=java.util.AbstractList$Itr.next()Ljava/lang/Object; @ 14 c2
Event: 17.311 Thread 0x000001f8f7ade800 Uncommon trap: reason=unstable_if action=reinterpret pc=0x000001f8e7152a7c method=java.io.File.getName()Ljava/lang/String; @ 16 c2
Event: 17.311 Thread 0x000001f8f7ade800 Uncommon trap: reason=unstable_if action=reinterpret pc=0x000001f8e715208c method=java.lang.String.substring(I)Ljava/lang/String; @ 34 c2
Event: 17.418 Thread 0x000001f8f7ade800 Uncommon trap: reason=intrinsic_or_type_checked_inlining action=make_not_entrant pc=0x000001f8e71d3ec8 method=java.util.Arrays.copyOf([Ljava/lang/Object;ILjava/lang/Class;)[Ljava/lang/Object; @ 35 c2

Classes redefined (0 events):
No events

Internal exceptions (10 events):
Event: 16.358 Thread 0x000001f8f7ade800 Exception <a 'java/lang/NoSuchMethodError'{0x0000000087758498}: java.lang.invoke.DelegatingMethodHandle$Holder.reinvoke_L(Ljava/lang/Object;Ljava/lang/Object;Ljava/lang/Object;Ljava/lang/Object;Ljava/lang/Object;Ljava/lang/Object;Ljava/lang/Object;Ljava/l
Event: 16.358 Thread 0x000001f8f7ade800 Exception <a 'java/lang/NoSuchMethodError'{0x0000000087760b60}: java.lang.invoke.DirectMethodHandle$Holder.invokeSpecial(Ljava/lang/Object;Ljava/lang/Object;Ljava/lang/Object;Ljava/lang/Object;Ljava/lang/Object;Ljava/lang/Object;Ljava/lang/Object;Ljava/la
Event: 16.358 Thread 0x000001f8f7ade800 Exception <a 'java/lang/NoSuchMethodError'{0x00000000877652d0}: java.lang.invoke.Invokers$Holder.invoker(Ljava/lang/Object;Ljava/lang/Object;Ljava/lang/Object;Ljava/lang/Object;Ljava/lang/Object;Ljava/lang/Object;Ljava/lang/Object;Ljava/lang/Object;Ljava/
Event: 16.359 Thread 0x000001f8f7ade800 Exception <a 'java/lang/NoSuchMethodError'{0x000000008776a3e8}: java.lang.invoke.DirectMethodHandle$Holder.invokeSpecial(Ljava/lang/Object;Ljava/lang/Object;Ljava/lang/Object;Ljava/lang/Object;Ljava/lang/Object;Ljava/lang/Object;Ljava/lang/Object;Ljava/la
Event: 16.392 Thread 0x000001f8f7ade800 Exception <a 'java/lang/NoSuchMethodError'{0x00000000876c22b8}: java.lang.invoke.DirectMethodHandle$Holder.invokeSpecial(Ljava/lang/Object;Ljava/lang/Object;Ljava/lang/Object;Ljava/lang/Object;Ljava/lang/Object;Ljava/lang/Object;Ljava/lang/Object;Ljava/la
Event: 16.526 Thread 0x000001f8f7ade800 Exception <a 'java/lang/NoSuchMethodError'{0x0000000086f8c978}: java.lang.invoke.DirectMethodHandle$Holder.invokeStaticInit(Ljava/lang/Object;)V> (0x0000000086f8c978) thrown at [./open/src/hotspot/share/interpreter/linkResolver.cpp, line 772]
Event: 16.570 Thread 0x000001f8f7ade800 Exception <a 'java/lang/NoSuchMethodError'{0x0000000086e2e968}: java.lang.invoke.DirectMethodHandle$Holder.invokeStatic(Ljava/lang/Object;Ljava/lang/Object;Ljava/lang/Object;I)Ljava/lang/Object;> (0x0000000086e2e968) thrown at [./open/src/hotspot/share/in
Event: 16.571 Thread 0x000001f8f7ade800 Exception <a 'java/lang/NoSuchMethodError'{0x0000000086e32b30}: java.lang.invoke.DirectMethodHandle$Holder.invokeSpecial(Ljava/lang/Object;Ljava/lang/Object;Ljava/lang/Object;Ljava/lang/Object;I)Ljava/lang/Object;> (0x0000000086e32b30) thrown at [./open/s
Event: 16.571 Thread 0x000001f8f7ade800 Exception <a 'java/lang/NoSuchMethodError'{0x0000000086e36510}: java.lang.invoke.Invokers$Holder.linkToTargetMethod(Ljava/lang/Object;Ljava/lang/Object;ILjava/lang/Object;)Ljava/lang/Object;> (0x0000000086e36510) thrown at [./open/src/hotspot/share/interp
Event: 17.597 Thread 0x000001f8f7ade800 Exception <a 'java/lang/NoSuchMethodError'{0x0000000087262a88}: java.lang.invoke.DirectMethodHandle$Holder.invokeSpecialIFC(Ljava/lang/Object;Ljava/lang/Object;Ljava/lang/Object;Ljava/lang/Object;)I> (0x0000000087262a88) thrown at [./open/src/hotspot/shar

Events (10 events):
Event: 17.596 loading class org/gradle/internal/snapshot/impl/DirectorySnapshotter$1
Event: 17.596 loading class org/gradle/internal/snapshot/impl/DirectorySnapshotter$1 done
Event: 17.596 loading class org/gradle/internal/snapshot/impl/DirectorySnapshotter$DefaultExcludes
Event: 17.596 loading class org/gradle/internal/snapshot/impl/DirectorySnapshotter$DefaultExcludes done
Event: 17.597 loading class org/gradle/internal/snapshot/impl/DirectorySnapshotter$DefaultExcludes$StartMatcher
Event: 17.597 loading class org/gradle/internal/snapshot/impl/DirectorySnapshotter$DefaultExcludes$StartMatcher done
Event: 17.597 loading class org/gradle/internal/snapshot/impl/DirectorySnapshotter$DefaultExcludes$EndMatcher
Event: 17.597 loading class org/gradle/internal/snapshot/impl/DirectorySnapshotter$DefaultExcludes$EndMatcher done
Event: 17.597 Executing VM operation: RevokeBias
Event: 17.597 Executing VM operation: RevokeBias done


Dynamic libraries:
0x00007ff674e50000 - 0x00007ff674e5f000 	C:\Program Files\Java\jdk-11.0.17\bin\java.exe
0x00007ff95cc90000 - 0x00007ff95ce88000 	C:\WINDOWS\SYSTEM32\ntdll.dll
0x00007ff95be40000 - 0x00007ff95befd000 	C:\WINDOWS\System32\KERNEL32.DLL
0x00007ff95a8c0000 - 0x00007ff95abb6000 	C:\WINDOWS\System32\KERNELBASE.dll
0x00007ff95a770000 - 0x00007ff95a870000 	C:\WINDOWS\System32\ucrtbase.dll
0x00007ff9319e0000 - 0x00007ff9319f8000 	C:\Program Files\Java\jdk-11.0.17\bin\jli.dll
0x00007ff95ad30000 - 0x00007ff95adde000 	C:\WINDOWS\System32\ADVAPI32.dll
0x00007ff950d60000 - 0x00007ff950d75000 	C:\Program Files\Java\jdk-11.0.17\bin\VCRUNTIME140.dll
0x00007ff95bf60000 - 0x00007ff95bffe000 	C:\WINDOWS\System32\msvcrt.dll
0x00007ff95c600000 - 0x00007ff95c69c000 	C:\WINDOWS\System32\sechost.dll
0x00007ff95b910000 - 0x00007ff95ba36000 	C:\WINDOWS\System32\RPCRT4.dll
0x00007ff95ca50000 - 0x00007ff95cbee000 	C:\WINDOWS\System32\USER32.dll
0x00007ff95a510000 - 0x00007ff95a532000 	C:\WINDOWS\System32\win32u.dll
0x00007ff95cbf0000 - 0x00007ff95cc1c000 	C:\WINDOWS\System32\GDI32.dll
0x00007ff95a340000 - 0x00007ff95a45a000 	C:\WINDOWS\System32\gdi32full.dll
0x00007ff95a540000 - 0x00007ff95a5dd000 	C:\WINDOWS\System32\msvcp_win.dll
0x00007ff951970000 - 0x00007ff95197a000 	C:\WINDOWS\SYSTEM32\VERSION.dll
0x00007ff945320000 - 0x00007ff9455ba000 	C:\WINDOWS\WinSxS\amd64_microsoft.windows.common-controls_6595b64144ccf1df_6.0.19041.1110_none_60b5254171f9507e\COMCTL32.dll
0x00007ff95be10000 - 0x00007ff95be40000 	C:\WINDOWS\System32\IMM32.DLL
0x00007ff91db70000 - 0x00007ff91dc0b000 	C:\Program Files\Java\jdk-11.0.17\bin\msvcp140.dll
0x00007ff8d8260000 - 0x00007ff8d8d7a000 	C:\Program Files\Java\jdk-11.0.17\bin\server\jvm.dll
0x00007ff95b140000 - 0x00007ff95b148000 	C:\WINDOWS\System32\PSAPI.DLL
0x00007ff940c70000 - 0x00007ff940c79000 	C:\WINDOWS\SYSTEM32\WSOCK32.dll
0x00007ff95b150000 - 0x00007ff95b1bb000 	C:\WINDOWS\System32\WS2_32.dll
0x00007ff946ab0000 - 0x00007ff946ad7000 	C:\WINDOWS\SYSTEM32\WINMM.dll
0x00007ff958b20000 - 0x00007ff958b32000 	C:\WINDOWS\SYSTEM32\kernel.appcore.dll
0x00007ff945c20000 - 0x00007ff945c30000 	C:\Program Files\Java\jdk-11.0.17\bin\verify.dll
0x00007ff9587e0000 - 0x00007ff9589c4000 	C:\WINDOWS\SYSTEM32\DBGHELP.DLL
0x00007ff93e490000 - 0x00007ff93e4c4000 	C:\WINDOWS\SYSTEM32\dbgcore.DLL
0x00007ff95ac30000 - 0x00007ff95acb2000 	C:\WINDOWS\System32\bcryptPrimitives.dll
0x00007ff921a40000 - 0x00007ff921a68000 	C:\Program Files\Java\jdk-11.0.17\bin\java.dll
0x00007ff944700000 - 0x00007ff94470a000 	C:\Program Files\Java\jdk-11.0.17\bin\jimage.dll
0x00007ff931930000 - 0x00007ff931946000 	C:\Program Files\Java\jdk-11.0.17\bin\zip.dll
0x00007ff95b1c0000 - 0x00007ff95b905000 	C:\WINDOWS\System32\SHELL32.dll
0x00007ff958040000 - 0x00007ff9587db000 	C:\WINDOWS\SYSTEM32\windows.storage.dll
0x00007ff95ade0000 - 0x00007ff95b134000 	C:\WINDOWS\System32\combase.dll
0x00007ff959bd0000 - 0x00007ff959bfe000 	C:\WINDOWS\SYSTEM32\Wldp.dll
0x00007ff95c550000 - 0x00007ff95c5fd000 	C:\WINDOWS\System32\SHCORE.dll
0x00007ff95acc0000 - 0x00007ff95ad15000 	C:\WINDOWS\System32\shlwapi.dll
0x00007ff95a270000 - 0x00007ff95a295000 	C:\WINDOWS\SYSTEM32\profapi.dll
0x00007ff931710000 - 0x00007ff931729000 	C:\Program Files\Java\jdk-11.0.17\bin\net.dll
0x00007ff94c3d0000 - 0x00007ff94c4da000 	C:\WINDOWS\SYSTEM32\WINHTTP.dll
0x00007ff9599b0000 - 0x00007ff959a1a000 	C:\WINDOWS\system32\mswsock.dll
0x00007ff930a80000 - 0x00007ff930a92000 	C:\Program Files\Java\jdk-11.0.17\bin\nio.dll
0x00007ff920980000 - 0x00007ff9209a7000 	C:\Users\DELL\.gradle\native\68d5fa5c4cc2d200863cafc0d521ce42e7d3e7ee720ec0a83991735586a16f82\windows-amd64\native-platform.dll
0x00007ff90c4a0000 - 0x00007ff90c5e4000 	C:\Users\DELL\.gradle\native\e376f236ea51e6404a007f0833ffe2c6e607c4080706a723a18a27aeea778392\windows-amd64\native-platform-file-events.dll
0x00007ff941c20000 - 0x00007ff941c29000 	C:\Program Files\Java\jdk-11.0.17\bin\management.dll
0x00007ff9415e0000 - 0x00007ff9415eb000 	C:\Program Files\Java\jdk-11.0.17\bin\management_ext.dll
0x00007ff959c10000 - 0x00007ff959c28000 	C:\WINDOWS\SYSTEM32\CRYPTSP.dll
0x00007ff9592e0000 - 0x00007ff959314000 	C:\WINDOWS\system32\rsaenh.dll
0x00007ff95a5e0000 - 0x00007ff95a607000 	C:\WINDOWS\System32\bcrypt.dll
0x00007ff95a230000 - 0x00007ff95a25e000 	C:\WINDOWS\SYSTEM32\USERENV.dll
0x00007ff959b40000 - 0x00007ff959b4c000 	C:\WINDOWS\SYSTEM32\CRYPTBASE.dll
0x00007ff9596c0000 - 0x00007ff9596fb000 	C:\WINDOWS\SYSTEM32\IPHLPAPI.DLL
0x00007ff95ad20000 - 0x00007ff95ad28000 	C:\WINDOWS\System32\NSI.dll
0x00007ff94fc90000 - 0x00007ff94fca7000 	C:\WINDOWS\SYSTEM32\dhcpcsvc6.DLL
0x00007ff94fa50000 - 0x00007ff94fa6d000 	C:\WINDOWS\SYSTEM32\dhcpcsvc.DLL
0x00007ff959700000 - 0x00007ff9597ca000 	C:\WINDOWS\SYSTEM32\DNSAPI.dll

dbghelp: loaded successfully - version: 4.0.5 - missing functions: none
symbol engine: initialized successfully - sym options: 0x614 - pdb path: .;C:\Program Files\Java\jdk-11.0.17\bin;C:\WINDOWS\SYSTEM32;C:\WINDOWS\WinSxS\amd64_microsoft.windows.common-controls_6595b64144ccf1df_6.0.19041.1110_none_60b5254171f9507e;C:\Program Files\Java\jdk-11.0.17\bin\server;C:\Users\DELL\.gradle\native\68d5fa5c4cc2d200863cafc0d521ce42e7d3e7ee720ec0a83991735586a16f82\windows-amd64;C:\Users\DELL\.gradle\native\e376f236ea51e6404a007f0833ffe2c6e607c4080706a723a18a27aeea778392\windows-amd64

VM Arguments:
jvm_args: -XX:MaxMetaspaceSize=512m --add-opens=java.base/java.util=ALL-UNNAMED --add-opens=java.base/java.lang=ALL-UNNAMED --add-opens=java.base/java.lang.invoke=ALL-UNNAMED --add-opens=java.prefs/java.util.prefs=ALL-UNNAMED --add-opens=java.base/java.nio.charset=ALL-UNNAMED --add-opens=java.base/java.net=ALL-UNNAMED --add-opens=java.base/java.util.concurrent.atomic=ALL-UNNAMED -Xmx2048m -Dfile.encoding=windows-1252 -Duser.country=US -Duser.language=en -Duser.variant 
java_command: org.gradle.launcher.daemon.bootstrap.GradleDaemon 8.0.1
java_class_path (initial): C:\Users\DELL\.gradle\wrapper\dists\gradle-8.0.1-all\aro4hu1c3oeioove7l0i4i14o\gradle-8.0.1\lib\gradle-launcher-8.0.1.jar
Launcher Type: SUN_STANDARD

[Global flags]
     intx CICompilerCount                          = 3                                         {product} {ergonomic}
   size_t CompressedClassSpaceSize                 = 528482304                                 {product} {ergonomic}
     uint ConcGCThreads                            = 1                                         {product} {ergonomic}
     uint G1ConcRefinementThreads                  = 4                                         {product} {ergonomic}
   size_t G1HeapRegionSize                         = 1048576                                   {product} {ergonomic}
    uintx GCDrainStackTargetSize                   = 64                                        {product} {ergonomic}
   size_t InitialHeapSize                          = 134217728                                 {product} {ergonomic}
   size_t MarkStackSize                            = 4194304                                   {product} {ergonomic}
   size_t MaxHeapSize                              = 2147483648                                {product} {command line}
   size_t MaxMetaspaceSize                         = 536870912                                 {product} {command line}
   size_t MaxNewSize                               = 1287651328                                {product} {ergonomic}
   size_t MinHeapDeltaBytes                        = 1048576                                   {product} {ergonomic}
    uintx NonNMethodCodeHeapSize                   = 5830732                                {pd product} {ergonomic}
    uintx NonProfiledCodeHeapSize                  = 122913754                              {pd product} {ergonomic}
    uintx ProfiledCodeHeapSize                     = 122913754                              {pd product} {ergonomic}
    uintx ReservedCodeCacheSize                    = 251658240                              {pd product} {ergonomic}
     bool SegmentedCodeCache                       = true                                      {product} {ergonomic}
     bool UseCompressedClassPointers               = true                                 {lp64_product} {ergonomic}
     bool UseCompressedOops                        = true                                 {lp64_product} {ergonomic}
     bool UseG1GC                                  = true                                      {product} {ergonomic}
     bool UseLargePagesIndividualAllocation        = false                                  {pd product} {ergonomic}

Logging:
Log output configuration:
 #0: stdout all=warning uptime,level,tags
 #1: stderr all=off uptime,level,tags

Environment Variables:
CLASSPATH=D:\VSCodeProjects\AwesomeProject\android\\gradle\wrapper\gradle-wrapper.jar
PATH=D:\VSCodeProjects\AwesomeProject\node_modules\.bin;D:\VSCodeProjects\AwesomeProject\node_modules\.bin;D:\VSCodeProjects\node_modules\.bin;D:\node_modules\.bin;C:\Users\DELL\AppData\Roaming\nvm\v18.18.0\node_modules\npm\node_modules\@npmcli\run-script\lib\node-gyp-bin;C:\Program Files\Common Files\Oracle\Java\javapath;C:\Program Files (x86)\Common Files\Oracle\Java\javapath;C:\Windows\system32;C:\Windows;C:\Windows\System32\Wbem;C:\Windows\System32\WindowsPowerShell\v1.0\;C:\Windows\System32\OpenSSH\;C:\Program Files\dotnet\;C:\Program Files\Microsoft SQL Server\Client SDK\ODBC\170\Tools\Binn\;C:\Program Files\Microsoft SQL Server\150\Tools\Binn\;C:\WINDOWS\system32;C:\WINDOWS;C:\WINDOWS\System32\Wbem;C:\WINDOWS\System32\WindowsPowerShell\v1.0\;C:\WINDOWS\System32\OpenSSH\;C:\Program Files\Git\cmd;C:\Program Files\Docker\Docker\resources\bin;C:\ProgramData\DockerDesktop\version-bin;C:\Users\DELL\AppData\Roaming\nvm;C:\Program Files\nodejs;C:\Program Files (x86)\Microsoft SQL Server\150\Tools\Binn\;C:\Program Files\Microsoft SQL Server\150\DTS\Binn\;C:\Users\DELL\AppData\Local\Android\sdk\platform-tools;C:\Program Files (x86)\Kaspersky Lab\Kaspersky Endpoint Security for Windows\;C:\Program Files\Microsoft SQL Server\130\Tools\Binn\;C:\Program Files (x86)\Microsoft SQL Server\160\Tools\Binn\;C:\Program Files\Microsoft SQL Server\160\Tools\Binn\;C:\Program Files\Microsoft SQL Server\160\DTS\Binn\;C:\Python27;C:\Python27\Scripts;C:\Users\DELL\AppData\Local\Programs\Microsoft VS Code\bin;C:\Users\DELL\AppData\Roaming\nvm;C:\Program Files\nodejs;C:\Program Files\Azure Data Studio\bin;C:\Users\DELL\.dotnet\tools;C:\Users\DELL\AppData\Local\Android\Sdk\platform-tools;
USERNAME=DELL
OS=Windows_NT
PROCESSOR_IDENTIFIER=Intel64 Family 6 Model 94 Stepping 3, GenuineIntel



---------------  S Y S T E M  ---------------

OS: Windows 10 , 64 bit Build 19041 (10.0.19041.3393)
Hyper-V role detected

CPU:total 4 (initial active 4) (4 cores per cpu, 1 threads per core) family 6 model 94 stepping 3 microcode 0xcc, cmov, cx8, fxsr, mmx, sse, sse2, sse3, ssse3, sse4.1, sse4.2, popcnt, avx, avx2, aes, clmul, erms, rtm, 3dnowpref, lzcnt, tsc, tscinvbit, bmi1, bmi2, adx, fma

Memory: 4k page, system-wide physical 8084M (303M free)
TotalPageFile size 23438M (AvailPageFile size 4M)
current process WorkingSet (physical memory assigned to process): 156M, peak: 156M
current process commit charge ("private bytes"): 253M, peak: 254M

vm_info: Java HotSpot(TM) 64-Bit Server VM (11.0.17+10-LTS-269) for windows-amd64 JRE (11.0.17+10-LTS-269), built on Sep 13 2022 19:26:37 by "mach5one" with MS VC++ 15.9 (VS2017)

END.
